CRITICAL - 2025-08-03 01:43:35 --> Error: Call to undefined function form_open()
[Method: GET, Route: producao/create]
in APPPATH\Views\form.php on line 14.
 1 SYSTEMPATH\View\View.php(226): include()
 2 SYSTEMPATH\View\View.php(229): CodeIgniter\View\View->CodeIgniter\View\{closure}()
 3 SYSTEMPATH\Common.php(1167): CodeIgniter\View\View->render('form', [], true)
 4 APPPATH\Controllers\Producao.php(33): view('form')
 5 SYSTEMPATH\CodeIgniter.php(933): App\Controllers\Producao->create()
 6 SYSTEMPATH\CodeIgniter.php(507): CodeIgniter\CodeIgniter->runController(Object(App\Controllers\Producao))
 7 SYSTEMPATH\CodeIgniter.php(354): CodeIgniter\CodeIgniter->handleRequest(null, Object(Config\Cache), false)
 8 SYSTEMPATH\Boot.php(363): CodeIgniter\CodeIgniter->run()
 9 SYSTEMPATH\Boot.php(68): CodeIgniter\Boot::runCodeIgniter(Object(CodeIgniter\CodeIgniter))
10 FCPATH\index.php(59): CodeIgniter\Boot::bootWeb(Object(Config\Paths))
11 SYSTEMPATH\rewrite.php(44): require_once('C:\\xampp\\htdocs\\Trabalho_Producoes_2025\\public\\index.php')
CRITICAL - 2025-08-03 01:43:42 --> Error: Call to undefined function form_open()
[Method: GET, Route: producao/edit/1]
in APPPATH\Views\form.php on line 14.
 1 SYSTEMPATH\View\View.php(226): include()
 2 SYSTEMPATH\View\View.php(229): CodeIgniter\View\View->CodeIgniter\View\{closure}()
 3 SYSTEMPATH\Common.php(1167): CodeIgniter\View\View->render('form', [], true)
 4 APPPATH\Controllers\Producao.php(49): view('form', [...])
 5 SYSTEMPATH\CodeIgniter.php(933): App\Controllers\Producao->edit('1')
 6 SYSTEMPATH\CodeIgniter.php(507): CodeIgniter\CodeIgniter->runController(Object(App\Controllers\Producao))
 7 SYSTEMPATH\CodeIgniter.php(354): CodeIgniter\CodeIgniter->handleRequest(null, Object(Config\Cache), false)
 8 SYSTEMPATH\Boot.php(363): CodeIgniter\CodeIgniter->run()
 9 SYSTEMPATH\Boot.php(68): CodeIgniter\Boot::runCodeIgniter(Object(CodeIgniter\CodeIgniter))
10 FCPATH\index.php(59): CodeIgniter\Boot::bootWeb(Object(Config\Paths))
11 SYSTEMPATH\rewrite.php(44): require_once('C:\\xampp\\htdocs\\Trabalho_Producoes_2025\\public\\index.php')
CRITICAL - 2025-08-03 01:43:52 --> Error: Call to undefined function form_open()
[Method: GET, Route: producao/create]
in APPPATH\Views\form.php on line 14.
 1 SYSTEMPATH\View\View.php(226): include()
 2 SYSTEMPATH\View\View.php(229): CodeIgniter\View\View->CodeIgniter\View\{closure}()
 3 SYSTEMPATH\Common.php(1167): CodeIgniter\View\View->render('form', [], true)
 4 APPPATH\Controllers\Producao.php(33): view('form')
 5 SYSTEMPATH\CodeIgniter.php(933): App\Controllers\Producao->create()
 6 SYSTEMPATH\CodeIgniter.php(507): CodeIgniter\CodeIgniter->runController(Object(App\Controllers\Producao))
 7 SYSTEMPATH\CodeIgniter.php(354): CodeIgniter\CodeIgniter->handleRequest(null, Object(Config\Cache), false)
 8 SYSTEMPATH\Boot.php(363): CodeIgniter\CodeIgniter->run()
 9 SYSTEMPATH\Boot.php(68): CodeIgniter\Boot::runCodeIgniter(Object(CodeIgniter\CodeIgniter))
10 FCPATH\index.php(59): CodeIgniter\Boot::bootWeb(Object(Config\Paths))
11 SYSTEMPATH\rewrite.php(44): require_once('C:\\xampp\\htdocs\\Trabalho_Producoes_2025\\public\\index.php')
CRITICAL - 2025-08-03 01:45:03 --> ParseError: syntax error, unexpected token "protected", expecting end of file
[Method: GET, Route: /]
in APPPATH\Controllers\BaseController.php on line 11.
 1 SYSTEMPATH\Autoloader\Autoloader.php(295): CodeIgniter\Autoloader\Autoloader->includeFile('C:\\xampp\\htdocs\\Trabalho_Producoes_2025\\app\\Controllers\\BaseController.php')
 2 SYSTEMPATH\Autoloader\Autoloader.php(271): CodeIgniter\Autoloader\Autoloader->loadInNamespace('App\\Controllers\\BaseController')
 3 APPPATH\Controllers\Producao.php(9): CodeIgniter\Autoloader\Autoloader->loadClass('App\\Controllers\\BaseController')
 4 SYSTEMPATH\Autoloader\Autoloader.php(315): include_once('C:\\xampp\\htdocs\\Trabalho_Producoes_2025\\app\\Controllers\\Producao.php')
 5 SYSTEMPATH\Autoloader\Autoloader.php(295): CodeIgniter\Autoloader\Autoloader->includeFile('C:\\xampp\\htdocs\\Trabalho_Producoes_2025\\app\\Controllers\\Producao.php')
 6 SYSTEMPATH\Autoloader\Autoloader.php(271): CodeIgniter\Autoloader\Autoloader->loadInNamespace('App\\Controllers\\Producao')
 7 [internal function]: CodeIgniter\Autoloader\Autoloader->loadClass('App\\Controllers\\Producao')
 8 SYSTEMPATH\CodeIgniter.php(885): class_exists('\\App\\Controllers\\Producao', true)
 9 SYSTEMPATH\CodeIgniter.php(494): CodeIgniter\CodeIgniter->startController()
10 SYSTEMPATH\CodeIgniter.php(354): CodeIgniter\CodeIgniter->handleRequest(null, Object(Config\Cache), false)
11 SYSTEMPATH\Boot.php(363): CodeIgniter\CodeIgniter->run()
12 SYSTEMPATH\Boot.php(68): CodeIgniter\Boot::runCodeIgniter(Object(CodeIgniter\CodeIgniter))
13 FCPATH\index.php(59): CodeIgniter\Boot::bootWeb(Object(Config\Paths))
14 SYSTEMPATH\rewrite.php(44): require_once('C:\\xampp\\htdocs\\Trabalho_Producoes_2025\\public\\index.php')
CRITICAL - 2025-08-03 01:45:04 --> ParseError: syntax error, unexpected token "protected", expecting end of file
[Method: GET, Route: producao/delete/1]
in APPPATH\Controllers\BaseController.php on line 11.
 1 SYSTEMPATH\Autoloader\Autoloader.php(295): CodeIgniter\Autoloader\Autoloader->includeFile('C:\\xampp\\htdocs\\Trabalho_Producoes_2025\\app\\Controllers\\BaseController.php')
 2 SYSTEMPATH\Autoloader\Autoloader.php(271): CodeIgniter\Autoloader\Autoloader->loadInNamespace('App\\Controllers\\BaseController')
 3 APPPATH\Controllers\Producao.php(9): CodeIgniter\Autoloader\Autoloader->loadClass('App\\Controllers\\BaseController')
 4 SYSTEMPATH\Autoloader\Autoloader.php(315): include_once('C:\\xampp\\htdocs\\Trabalho_Producoes_2025\\app\\Controllers\\Producao.php')
 5 SYSTEMPATH\Autoloader\Autoloader.php(295): CodeIgniter\Autoloader\Autoloader->includeFile('C:\\xampp\\htdocs\\Trabalho_Producoes_2025\\app\\Controllers\\Producao.php')
 6 SYSTEMPATH\Autoloader\Autoloader.php(271): CodeIgniter\Autoloader\Autoloader->loadInNamespace('App\\Controllers\\Producao')
 7 [internal function]: CodeIgniter\Autoloader\Autoloader->loadClass('App\\Controllers\\Producao')
 8 SYSTEMPATH\CodeIgniter.php(885): class_exists('\\App\\Controllers\\Producao', true)
 9 SYSTEMPATH\CodeIgniter.php(494): CodeIgniter\CodeIgniter->startController()
10 SYSTEMPATH\CodeIgniter.php(354): CodeIgniter\CodeIgniter->handleRequest(null, Object(Config\Cache), false)
11 SYSTEMPATH\Boot.php(363): CodeIgniter\CodeIgniter->run()
12 SYSTEMPATH\Boot.php(68): CodeIgniter\Boot::runCodeIgniter(Object(CodeIgniter\CodeIgniter))
13 FCPATH\index.php(59): CodeIgniter\Boot::bootWeb(Object(Config\Paths))
14 SYSTEMPATH\rewrite.php(44): require_once('C:\\xampp\\htdocs\\Trabalho_Producoes_2025\\public\\index.php')
CRITICAL - 2025-08-03 01:45:10 --> ParseError: syntax error, unexpected token "protected", expecting end of file
[Method: GET, Route: /]
in APPPATH\Controllers\BaseController.php on line 11.
 1 SYSTEMPATH\Autoloader\Autoloader.php(295): CodeIgniter\Autoloader\Autoloader->includeFile('C:\\xampp\\htdocs\\Trabalho_Producoes_2025\\app\\Controllers\\BaseController.php')
 2 SYSTEMPATH\Autoloader\Autoloader.php(271): CodeIgniter\Autoloader\Autoloader->loadInNamespace('App\\Controllers\\BaseController')
 3 APPPATH\Controllers\Producao.php(9): CodeIgniter\Autoloader\Autoloader->loadClass('App\\Controllers\\BaseController')
 4 SYSTEMPATH\Autoloader\Autoloader.php(315): include_once('C:\\xampp\\htdocs\\Trabalho_Producoes_2025\\app\\Controllers\\Producao.php')
 5 SYSTEMPATH\Autoloader\Autoloader.php(295): CodeIgniter\Autoloader\Autoloader->includeFile('C:\\xampp\\htdocs\\Trabalho_Producoes_2025\\app\\Controllers\\Producao.php')
 6 SYSTEMPATH\Autoloader\Autoloader.php(271): CodeIgniter\Autoloader\Autoloader->loadInNamespace('App\\Controllers\\Producao')
 7 [internal function]: CodeIgniter\Autoloader\Autoloader->loadClass('App\\Controllers\\Producao')
 8 SYSTEMPATH\CodeIgniter.php(885): class_exists('\\App\\Controllers\\Producao', true)
 9 SYSTEMPATH\CodeIgniter.php(494): CodeIgniter\CodeIgniter->startController()
10 SYSTEMPATH\CodeIgniter.php(354): CodeIgniter\CodeIgniter->handleRequest(null, Object(Config\Cache), false)
11 SYSTEMPATH\Boot.php(363): CodeIgniter\CodeIgniter->run()
12 SYSTEMPATH\Boot.php(68): CodeIgniter\Boot::runCodeIgniter(Object(CodeIgniter\CodeIgniter))
13 FCPATH\index.php(59): CodeIgniter\Boot::bootWeb(Object(Config\Paths))
14 SYSTEMPATH\rewrite.php(44): require_once('C:\\xampp\\htdocs\\Trabalho_Producoes_2025\\public\\index.php')
DEBUG - 2025-08-03 01:47:32 --> Session: Class initialized using 'CodeIgniter\Session\Handlers\FileHandler' driver.
DEBUG - 2025-08-03 02:00:43 --> Session: Class initialized using 'CodeIgniter\Session\Handlers\FileHandler' driver.
